<?xml version="1.0" encoding="UTF-8"?>
<!-- Generated by org.testng.reporters.JUnitReportReporter -->
<testsuite hostname="Anish" failures="0" tests="2" name="stcTwo.TC_14_Dashboard_Manage_Subscription_PayBill" time="20.147" errors="1" timestamp="2024-04-01T12:53:33 IST" skipped="1">
  <testcase classname="stcTwo.TC_14_Dashboard_Manage_Subscription_PayBill" name="sc_Dashboard_Manage_Subscription_PayBill" time="0.000">
    <skipped/>
  </testcase> <!-- sc_Dashboard_Manage_Subscription_PayBill -->
  <testcase classname="stcTwo.TC_14_Dashboard_Manage_Subscription_PayBill" name="configureAppium" time="20.147">
    <error message="The element &#039;By.id: com.android.permissioncontroller:id/permission_message&#039; does not exist in DOM anymore
For documentation on this error, please visit: https://www.selenium.dev/documentation/webdriver/troubleshooting/errors#stale-element-reference-exception
Build info: version: &#039;4.19.1&#039;, revision: &#039;abe0ee07dc&#039;
System info: os.name: &#039;Windows 11&#039;, os.arch: &#039;amd64&#039;, os.version: &#039;10.0&#039;, java.version: &#039;17.0.9&#039;
Driver info: io.appium.java_client.android.AndroidDriver
Command: [961d53c0-d85d-4867-b943-8b2d623e503c, getElementAttribute {id=00000000-0000-002f-ffff-ffff000000bc, name=text}]
Capabilities {appium:appActivity: com.mystc.MainActivity, appium:appPackage: com.pixilapps.selfcare, appium:automationName: UIAutomator2, appium:databaseEnabled: false, appium:desired: {appActivity: com.mystc.MainActivity, appPackage: com.pixilapps.selfcare, automationName: UIAutomator2, deviceName: AnishEmulator, platformName: ANDROID}, appium:deviceApiLevel: 34, appium:deviceManufacturer: samsung, appium:deviceModel: SM-A146B, appium:deviceName: RZCW30P5DQB, appium:deviceScreenDensity: 450, appium:deviceScreenSize: 1080x2408, appium:deviceUDID: RZCW30P5DQB, appium:javascriptEnabled: true, appium:locationContextEnabled: false, appium:networkConnectionEnabled: true, appium:pixelRatio: 2.8125, appium:platformVersion: 14, appium:statBarHeight: 65, appium:takesScreenshot: true, appium:viewportRect: {height: 2144, left: 0, top: 65, width: 1080}, appium:warnings: {}, appium:webStorageEnabled: false, platformName: ANDROID}
Element: [[AndroidDriver:  on ANDROID (961d53c0-d85d-4867-b943-8b2d623e503c)] -&gt; id: com.android.permissioncontroller:id/permission_message]
Session ID: 961d53c0-d85d-4867-b943-8b2d623e503c" type="org.openqa.selenium.StaleElementReferenceException">
      <![CDATA[org.openqa.selenium.StaleElementReferenceException: The element 'By.id: com.android.permissioncontroller:id/permission_message' does not exist in DOM anymore
For documentation on this error, please visit: https://www.selenium.dev/documentation/webdriver/troubleshooting/errors#stale-element-reference-exception
Build info: version: '4.19.1', revision: 'abe0ee07dc'
System info: os.name: 'Windows 11', os.arch: 'amd64', os.version: '10.0', java.version: '17.0.9'
Driver info: io.appium.java_client.android.AndroidDriver
Command: [961d53c0-d85d-4867-b943-8b2d623e503c, getElementAttribute {id=00000000-0000-002f-ffff-ffff000000bc, name=text}]
Capabilities {appium:appActivity: com.mystc.MainActivity, appium:appPackage: com.pixilapps.selfcare, appium:automationName: UIAutomator2, appium:databaseEnabled: false, appium:desired: {appActivity: com.mystc.MainActivity, appPackage: com.pixilapps.selfcare, automationName: UIAutomator2, deviceName: AnishEmulator, platformName: ANDROID}, appium:deviceApiLevel: 34, appium:deviceManufacturer: samsung, appium:deviceModel: SM-A146B, appium:deviceName: RZCW30P5DQB, appium:deviceScreenDensity: 450, appium:deviceScreenSize: 1080x2408, appium:deviceUDID: RZCW30P5DQB, appium:javascriptEnabled: true, appium:locationContextEnabled: false, appium:networkConnectionEnabled: true, appium:pixelRatio: 2.8125, appium:platformVersion: 14, appium:statBarHeight: 65, appium:takesScreenshot: true, appium:viewportRect: {height: 2144, left: 0, top: 65, width: 1080}, appium:warnings: {}, appium:webStorageEnabled: false, platformName: ANDROID}
Element: [[AndroidDriver:  on ANDROID (961d53c0-d85d-4867-b943-8b2d623e503c)] -> id: com.android.permissioncontroller:id/permission_message]
Session ID: 961d53c0-d85d-4867-b943-8b2d623e503c
at java.base/jdk.internal.reflect.NativeConstructorAccessorImpl.newInstance0(Native Method)
at java.base/jdk.internal.reflect.NativeConstructorAccessorImpl.newInstance(NativeConstructorAccessorImpl.java:77)
at java.base/jdk.internal.reflect.DelegatingConstructorAccessorImpl.newInstance(DelegatingConstructorAccessorImpl.java:45)
at java.base/java.lang.reflect.Constructor.newInstanceWithCaller(Constructor.java:499)
at java.base/java.lang.reflect.Constructor.newInstance(Constructor.java:480)
at org.openqa.selenium.remote.ErrorCodec.decode(ErrorCodec.java:167)
at org.openqa.selenium.remote.codec.w3c.W3CHttpResponseCodec.decode(W3CHttpResponseCodec.java:138)
at org.openqa.selenium.remote.codec.w3c.W3CHttpResponseCodec.decode(W3CHttpResponseCodec.java:50)
at org.openqa.selenium.remote.HttpCommandExecutor.execute(HttpCommandExecutor.java:190)
at io.appium.java_client.remote.AppiumCommandExecutor.execute(AppiumCommandExecutor.java:237)
at org.openqa.selenium.remote.RemoteWebDriver.execute(RemoteWebDriver.java:518)
at org.openqa.selenium.remote.RemoteWebElement.execute(RemoteWebElement.java:223)
at org.openqa.selenium.remote.RemoteWebElement.getAttribute(RemoteWebElement.java:149)
at org.openqa.selenium.support.ui.ExpectedConditions.getAttributeOrCssValue(ExpectedConditions.java:1175)
at org.openqa.selenium.support.ui.ExpectedConditions$40.apply(ExpectedConditions.java:1124)
at org.openqa.selenium.support.ui.ExpectedConditions$40.apply(ExpectedConditions.java:1121)
at org.openqa.selenium.support.ui.FluentWait.until(FluentWait.java:203)
at org.stc.pageObjects.android.BaseTest.waitForElementToAppearWithText(BaseTest.java:54)
at org.stc.pageObjects.android.BaseTest.configureAppium(BaseTest.java:45)
at java.base/jdk.internal.reflect.NativeMethodAccessorImpl.invoke0(Native Method)
at java.base/jdk.internal.reflect.NativeMethodAccessorImpl.invoke(NativeMethodAccessorImpl.java:77)
at java.base/jdk.internal.reflect.DelegatingMethodAccessorImpl.invoke(DelegatingMethodAccessorImpl.java:43)
at java.base/java.lang.reflect.Method.invoke(Method.java:568)
at org.testng.internal.invokers.MethodInvocationHelper.invokeMethod(MethodInvocationHelper.java:139)
at org.testng.internal.invokers.MethodInvocationHelper.invokeMethodConsideringTimeout(MethodInvocationHelper.java:69)
at org.testng.internal.invokers.ConfigInvoker.invokeConfigurationMethod(ConfigInvoker.java:390)
at org.testng.internal.invokers.ConfigInvoker.invokeConfigurations(ConfigInvoker.java:325)
at org.testng.internal.invokers.TestMethodWorker.invokeBeforeClassMethods(TestMethodWorker.java:180)
at org.testng.internal.invokers.TestMethodWorker.run(TestMethodWorker.java:122)
at java.base/java.util.ArrayList.forEach(ArrayList.java:1511)
at org.testng.TestRunner.privateRun(TestRunner.java:848)
at org.testng.TestRunner.run(TestRunner.java:621)
at org.testng.SuiteRunner.runTest(SuiteRunner.java:443)
at org.testng.SuiteRunner.runSequentially(SuiteRunner.java:437)
at org.testng.SuiteRunner.privateRun(SuiteRunner.java:397)
at org.testng.SuiteRunner.run(SuiteRunner.java:336)
at org.testng.SuiteRunnerWorker.runSuite(SuiteRunnerWorker.java:52)
at org.testng.SuiteRunnerWorker.run(SuiteRunnerWorker.java:95)
at org.testng.TestNG.runSuitesSequentially(TestNG.java:1280)
at org.testng.TestNG.runSuitesLocally(TestNG.java:1200)
at org.testng.TestNG.runSuites(TestNG.java:1114)
at org.testng.TestNG.run(TestNG.java:1082)
at org.testng.remote.AbstractRemoteTestNG.run(AbstractRemoteTestNG.java:115)
at org.testng.remote.RemoteTestNG.initAndRun(RemoteTestNG.java:251)
at org.testng.remote.RemoteTestNG.main(RemoteTestNG.java:77)
]]>
    </error>
  </testcase> <!-- configureAppium -->
</testsuite> <!-- stcTwo.TC_14_Dashboard_Manage_Subscription_PayBill -->
